Arguments: 
  /usr/local/bin/node /usr/local/Cellar/yarn/1.5.1_1/libexec/bin/yarn.js run dev

PATH: 
  /Users/jaimedegreiff/bin:/usr/local/bin:/Users/jaimedegreiff/.composer/vendor/bin:/usr/local/bin:/usr/bin:/bin:/usr/sbin:/sbin

Yarn version: 
  1.5.1

Node version: 
  10.7.0

Platform: 
  darwin x64

npm manifest: 
  {
    "name": "NUXTEXPRESS",
    "version": "1.0.0",
    "description": "Nuxt + express JS",
    "author": "Jaime de Greiff",
    "private": true,
    "scripts": {
      "dev": "cross-env NODE_ENV=development nodemon server/index.js --watch server",
      "build": "nuxt build",
      "start": "cross-env NODE_ENV=production node server/index.js",
      "generate": "nuxt generate"
    },
    "dependencies": {
      "nuxt": "^1.0.0",
      "express": "^4.15.3"
    },
    "devDependencies": {
      "cross-env": "^5.0.1",
      "nodemon": "^1.11.0"
    }
  }

yarn manifest: 
  No manifest

Lockfile: 
  No lockfile

Trace: 
  Error: Command failed.
  Exit code: 127
  Command: sh
  Arguments: -c cross-env NODE_ENV=development nodemon server/index.js --watch server
  Directory: /Volumes/Bodega/web/agosto/agoexpress
  Output:
  
      at ProcessTermError.MessageError (/usr/local/Cellar/yarn/1.5.1_1/libexec/lib/cli.js:186:110)
      at new ProcessTermError (/usr/local/Cellar/yarn/1.5.1_1/libexec/lib/cli.js:226:113)
      at ChildProcess.<anonymous> (/usr/local/Cellar/yarn/1.5.1_1/libexec/lib/cli.js:30281:17)
      at ChildProcess.emit (events.js:182:13)
      at maybeClose (internal/child_process.js:961:16)
      at Process.ChildProcess._handle.onexit (internal/child_process.js:248:5)
